<?xml version="1.0" encoding="UTF-8"?>
<testng-results ignored="0" total="1" passed="1" failed="0" skipped="0">
  <reporter-output>
  </reporter-output>
  <suite started-at="2024-02-24T13:10:51 IST" name="Default suite" finished-at="2024-02-24T13:10:51 IST" duration-ms="67">
    <groups>
    </groups>
    <test started-at="2024-02-24T13:10:51 IST" name="Default test" finished-at="2024-02-24T13:10:51 IST" duration-ms="67">
      <class name="Practice.sample_testng">
        <test-method is-config="true" signature="Befortest()[pri:0, instance:Practice.sample_testng@6a192cfe]" started-at="2024-02-24T13:10:51 IST" name="Befortest" finished-at="2024-02-24T13:10:51 IST" duration-ms="6" status="PASS">
          <reporter-output>
          </reporter-output>
        </test-method> <!-- Befortest -->
        <test-method is-config="true" signature="Before_Class()[pri:0, instance:Practice.sample_testng@6a192cfe]" started-at="2024-02-24T13:10:51 IST" name="Before_Class" finished-at="2024-02-24T13:10:51 IST" duration-ms="1" status="PASS">
          <reporter-output>
          </reporter-output>
        </test-method> <!-- Before_Class -->
        <test-method is-config="true" signature="Before_method()[pri:0, instance:Practice.sample_testng@6a192cfe]" started-at="2024-02-24T13:10:51 IST" name="Before_method" finished-at="2024-02-24T13:10:51 IST" duration-ms="0" status="PASS">
          <reporter-output>
          </reporter-output>
        </test-method> <!-- Before_method -->
        <test-method signature="s()[pri:0, instance:Practice.sample_testng@6a192cfe]" started-at="2024-02-24T13:10:51 IST" name="s" finished-at="2024-02-24T13:10:51 IST" duration-ms="10" status="PASS">
          <reporter-output>
          </reporter-output>
        </test-method> <!-- s -->
        <test-method is-config="true" signature="After_Method()[pri:0, instance:Practice.sample_testng@6a192cfe]" started-at="2024-02-24T13:10:51 IST" name="After_Method" finished-at="2024-02-24T13:10:51 IST" duration-ms="0" status="PASS">
          <reporter-output>
          </reporter-output>
        </test-method> <!-- After_Method -->
        <test-method is-config="true" signature="After_Class()[pri:0, instance:Practice.sample_testng@6a192cfe]" started-at="2024-02-24T13:10:51 IST" name="After_Class" finished-at="2024-02-24T13:10:51 IST" duration-ms="1" status="PASS">
          <reporter-output>
          </reporter-output>
        </test-method> <!-- After_Class -->
        <test-method is-config="true" signature="After_test()[pri:0, instance:Practice.sample_testng@6a192cfe]" started-at="2024-02-24T13:10:51 IST" name="After_test" finished-at="2024-02-24T13:10:51 IST" duration-ms="1" status="PASS">
          <reporter-output>
          </reporter-output>
        </test-method> <!-- After_test -->
      </class> <!-- Practice.sample_testng -->
    </test> <!-- Default test -->
  </suite> <!-- Default suite -->
</testng-results>
